<?xml version="1.0" encoding="UTF-8"?>
<Site BuildName="(empty)"
	BuildStamp="20260807-0021-Experimental"
	Name="(empty)"
	Generator="ctest-4.2.3"
	CompilerName=""
	CompilerVersion=""
	OSName="Linux"
	Hostname="abhandary14-VMware-Virtual-Platform"
	OSRelease="7.0.0-22-generic"
	OSVersion="#22-Ubuntu SMP PREEMPT_DYNAMIC Mon May 25 15:54:34 UTC 2026"
	OSPlatform="x86_64"
	Is64Bits="1"
	VendorString="GenuineIntel"
	VendorID="Intel Corporation"
	FamilyID="6"
	ModelID="183"
	ModelName="Intel(R) Core(TM) i9-14900HX"
	ProcessorCacheSize="36864"
	NumberOfLogicalCPU="16"
	NumberOfPhysicalCPU="16"
	TotalVirtualMemory="4095"
	TotalPhysicalMemory="7376"
	LogicalProcessorsPerPhysical="1"
	ProcessorClockFrequency="2419.2"
	>
	<Testing>
		<StartDateTime>Aug 06 20:21 EDT</StartDateTime>
		<StartTestTime>1786062104</StartTestTime>
		<TestList/>
		<EndDateTime>Aug 06 20:21 EDT</EndDateTime>
		<EndTestTime>1786062104</EndTestTime>
		<ElapsedMinutes>0</ElapsedMinutes>
	</Testing>
</Site>
